c:\users\somep\source\repos\cheattool\cheattool\x64\debug\vc143.pdb
c:\users\somep\source\repos\cheattool\cheattool\x64\debug\vc143.idb
c:\users\somep\source\repos\cheattool\cheattool\x64\debug\main.obj
c:\users\somep\source\repos\cheattool\cheattool\x64\debug\imgui_widgets.obj
c:\users\somep\source\repos\cheattool\cheattool\x64\debug\imgui_tables.obj
c:\users\somep\source\repos\cheattool\cheattool\x64\debug\imgui_impl_win32.obj
c:\users\somep\source\repos\cheattool\cheattool\x64\debug\imgui_impl_dx11.obj
c:\users\somep\source\repos\cheattool\cheattool\x64\debug\imgui_draw.obj
c:\users\somep\source\repos\cheattool\cheattool\x64\debug\imgui.obj
c:\users\somep\source\repos\cheattool\x64\debug\cheattool.exe
c:\users\somep\source\repos\cheattool\x64\debug\cheattool.pdb
c:\users\somep\source\repos\cheattool\cheattool\x64\debug\cheattool.ilk
c:\users\somep\source\repos\cheattool\cheattool\x64\debug\cheattool.tlog\cl.command.1.tlog
c:\users\somep\source\repos\cheattool\cheattool\x64\debug\cheattool.tlog\cl.items.tlog
c:\users\somep\source\repos\cheattool\cheattool\x64\debug\cheattool.tlog\cl.read.1.tlog
c:\users\somep\source\repos\cheattool\cheattool\x64\debug\cheattool.tlog\cl.write.1.tlog
c:\users\somep\source\repos\cheattool\cheattool\x64\debug\cheattool.tlog\link.command.1.tlog
c:\users\somep\source\repos\cheattool\cheattool\x64\debug\cheattool.tlog\link.read.1.tlog
c:\users\somep\source\repos\cheattool\cheattool\x64\debug\cheattool.tlog\link.secondary.1.tlog
c:\users\somep\source\repos\cheattool\cheattool\x64\debug\cheattool.tlog\link.write.1.tlog
